[debug] [2021-08-31T11:41:16.517Z] ----------------------------------------------------------------------
[debug] [2021-08-31T11:41:16.518Z] Command:       /home/laradock/.nvm/versions/node/v16.8.0/bin/node /home/laradock/.nvm/versions/node/v16.8.0/bin/firebase login
[debug] [2021-08-31T11:41:16.519Z] CLI Version:   9.16.6
[debug] [2021-08-31T11:41:16.519Z] Platform:      linux
[debug] [2021-08-31T11:41:16.519Z] Node Version:  v16.8.0
[debug] [2021-08-31T11:41:16.519Z] Time:          Tue Aug 31 2021 11:41:16 GMT+0000 (Coordinated Universal Time)
[debug] [2021-08-31T11:41:16.519Z] ----------------------------------------------------------------------
[debug] 
[info] i  Firebase optionally collects CLI usage and error reporting information to help improve our products. Data is collected in accordance with Google's privacy policy (https://policies.google.com/privacy) and is not used to identify you.
 
[info] i  To change your data collection preference at any time, run `firebase logout` and log in again. 
[info] 
[info] Visit this URL on this device to log in:
[info] https://accounts.google.com/o/oauth2/auth?client_id=563584335869-fgrhgmd47bqnekij5i8b5pr03ho849e6.apps.googleusercontent.com&scope=email%20openid%20https%3A%2F%2Fwww.googleapis.com%2Fauth%2Fcloudplatformprojects.readonly%20https%3A%2F%2Fwww.googleapis.com%2Fauth%2Ffirebase%20https%3A%2F%2Fwww.googleapis.com%2Fauth%2Fcloud-platform&response_type=code&state=730209026&redirect_uri=http%3A%2F%2Flocalhost%3A9005
[info] 
[info] Waiting for authentication...
[debug] [2021-08-31T11:51:36.739Z] ----------------------------------------------------------------------
[debug] [2021-08-31T11:51:36.741Z] Command:       C:\Program Files\nodejs\node.exe C:\Users\Hank\AppData\Roaming\npm\node_modules\firebase-tools\lib\bin\firebase.js init
[debug] [2021-08-31T11:51:36.742Z] CLI Version:   9.16.6
[debug] [2021-08-31T11:51:36.742Z] Platform:      win32
[debug] [2021-08-31T11:51:36.742Z] Node Version:  v14.17.5
[debug] [2021-08-31T11:51:36.743Z] Time:          Tue Aug 31 2021 19:51:36 GMT+0800 (台北標準時間)
[debug] [2021-08-31T11:51:36.743Z] ----------------------------------------------------------------------
[debug] 
[debug] [2021-08-31T11:51:36.749Z] > command requires scopes: ["email","openid","https://www.googleapis.com/auth/cloudplatformprojects.readonly","https://www.googleapis.com/auth/firebase","https://www.googleapis.com/auth/cloud-platform"]
[debug] [2021-08-31T11:51:36.749Z] > authorizing via signed-in user (bsexp100324@gmail.com)
[info] 
     ######## #### ########  ######## ########     ###     ######  ########
     ##        ##  ##     ## ##       ##     ##  ##   ##  ##       ##
     ######    ##  ########  ######   ########  #########  ######  ######
     ##        ##  ##    ##  ##       ##     ## ##     ##       ## ##
     ##       #### ##     ## ######## ########  ##     ##  ######  ########

You're about to initialize a Firebase project in this directory:

  F:\docker\laradock\public\firebase-project

[info] 
=== Project Setup
[info] 
[info] First, let's associate this project directory with a Firebase project.
[info] You can create multiple project aliases by running firebase use --add, 
[info] but for now we'll just set up a default project.
[info] 
[debug] [2021-08-31T11:55:26.397Z] >>> [apiv2][query] GET https://firebase.googleapis.com/v1beta1/projects pageSize=100
[debug] [2021-08-31T11:55:26.859Z] <<< [apiv2][status] GET https://firebase.googleapis.com/v1beta1/projects 200
[debug] [2021-08-31T11:55:26.859Z] <<< [apiv2][body] GET https://firebase.googleapis.com/v1beta1/projects [omitted]
[info] i  Using project python-test-6cf1a (python test) 
[info] 
=== Hosting Setup
[info] 
[info] Your public directory is the folder (relative to your project directory) that
[info] will contain Hosting assets to be uploaded with firebase deploy. If you
[info] have a build process for your assets, use your build's output directory.
[info] 
[debug] [2021-08-31T11:55:38.262Z] >>> [apiv2][query] GET https://www.gstatic.com/firebasejs/releases.json [none]
[debug] [2021-08-31T11:55:38.342Z] <<< [apiv2][status] GET https://www.gstatic.com/firebasejs/releases.json 200
[debug] [2021-08-31T11:55:38.342Z] <<< [apiv2][body] GET https://www.gstatic.com/firebasejs/releases.json {"current":{"version":"9.0.1","browserURL":"https://www.gstatic.com/firebasejs/9.0.1/firebase.js","packageURL":"https://www.gstatic.com/firebasejs/9.0.1/firebase.tgz"},"live":{"version":"9.0","browserURL":"https://www.gstatic.com/firebasejs/live/9.0/firebase.js","packageURL":"https://www.gstatic.com/firebasejs/live/9.0/firebase.tgz"},"components":{"analytics":"https://www.gstatic.com/firebasejs/9.0.1/firebase-analytics.js","app":"https://www.gstatic.com/firebasejs/9.0.1/firebase-app.js","app-check":"https://www.gstatic.com/firebasejs/9.0.1/firebase-app-check.js","auth":"https://www.gstatic.com/firebasejs/9.0.1/firebase-auth.js","auth/cordova":"https://www.gstatic.com/firebasejs/9.0.1/firebase-auth/cordova.js","auth/react-native":"https://www.gstatic.com/firebasejs/9.0.1/firebase-auth/react-native.js","functions":"https://www.gstatic.com/firebasejs/9.0.1/firebase-functions.js","firestore":"https://www.gstatic.com/firebasejs/9.0.1/firebase-firestore.js","firestore/lite":"https://www.gstatic.com/firebasejs/9.0.1/firebase-firestore/lite.js","storage":"https://www.gstatic.com/firebasejs/9.0.1/firebase-storage.js","performance":"https://www.gstatic.com/firebasejs/9.0.1/firebase-performance.js","remote-config":"https://www.gstatic.com/firebasejs/9.0.1/firebase-remote-config.js","messaging":"https://www.gstatic.com/firebasejs/9.0.1/firebase-messaging.js","messaging/sw":"https://www.gstatic.com/firebasejs/9.0.1/firebase-messaging/sw.js","database":"https://www.gstatic.com/firebasejs/9.0.1/firebase-database.js","firestore.memory":"https://www.gstatic.com/firebasejs/9.0.1/firebase-firestore.memory.js"}}
[info] +  Wrote public/index.html 
[info] 
[info] i  Didn't detect a .git folder. Assuming F:\docker\laradock\public\firebase-project is the project root. 
[info] i  Authorizing with GitHub to upload your service account to a GitHub repository's secrets store. 
[info] 
[info] Visit this URL on this device to log in:
[info] https://github.com/login/oauth/authorize?client_id=89cf50f02ac6aaed3484&state=712640649&redirect_uri=http%3A%2F%2Flocalhost%3A9005&scope=read%3Auser%20repo%20public_repo
[info] 
[info] Waiting for authentication...
[debug] [2021-08-31T11:58:02.571Z] ----------------------------------------------------------------------
[debug] [2021-08-31T11:58:02.573Z] Command:       C:\Program Files\nodejs\node.exe C:\Users\Hank\AppData\Roaming\npm\node_modules\firebase-tools\lib\bin\firebase.js init
[debug] [2021-08-31T11:58:02.574Z] CLI Version:   9.16.6
[debug] [2021-08-31T11:58:02.574Z] Platform:      win32
[debug] [2021-08-31T11:58:02.574Z] Node Version:  v14.17.5
[debug] [2021-08-31T11:58:02.575Z] Time:          Tue Aug 31 2021 19:58:02 GMT+0800 (台北標準時間)
[debug] [2021-08-31T11:58:02.575Z] ----------------------------------------------------------------------
[debug] 
[debug] [2021-08-31T11:58:02.581Z] > command requires scopes: ["email","openid","https://www.googleapis.com/auth/cloudplatformprojects.readonly","https://www.googleapis.com/auth/firebase","https://www.googleapis.com/auth/cloud-platform"]
[debug] [2021-08-31T11:58:02.581Z] > authorizing via signed-in user (bsexp100324@gmail.com)
[info] 
     ######## #### ########  ######## ########     ###     ######  ########
     ##        ##  ##     ## ##       ##     ##  ##   ##  ##       ##
     ######    ##  ########  ######   ########  #########  ######  ######
     ##        ##  ##    ##  ##       ##     ## ##     ##       ## ##
     ##       #### ##     ## ######## ########  ##     ##  ######  ########

You're about to initialize a Firebase project in this directory:

  F:\docker\laradock\public\firebase-project

[info] 
=== Project Setup
[info] 
[info] First, let's associate this project directory with a Firebase project.
[info] You can create multiple project aliases by running firebase use --add, 
[info] but for now we'll just set up a default project.
[info] 
[debug] [2021-08-31T12:01:41.208Z] >>> [apiv2][query] GET https://firebase.googleapis.com/v1beta1/projects pageSize=100
[debug] [2021-08-31T12:01:41.688Z] <<< [apiv2][status] GET https://firebase.googleapis.com/v1beta1/projects 200
[debug] [2021-08-31T12:01:41.688Z] <<< [apiv2][body] GET https://firebase.googleapis.com/v1beta1/projects [omitted]
[info] i  Using project python-test-6cf1a (python test) 
[info] 
=== Hosting:github Setup
[info] 
[info] i  Didn't detect a .git folder. Assuming F:\docker\laradock\public\firebase-project is the project root. 
[info] i  Authorizing with GitHub to upload your service account to a GitHub repository's secrets store. 
[info] 
[info] Visit this URL on this device to log in:
[info] https://github.com/login/oauth/authorize?client_id=89cf50f02ac6aaed3484&state=1004827451&redirect_uri=http%3A%2F%2Flocalhost%3A9005&scope=read%3Auser%20repo%20public_repo
[info] 
[info] Waiting for authentication...
[debug] [2021-08-31T12:02:16.475Z] >>> HTTP REQUEST POST https://github.com/login/oauth/access_token  
 {"client_id":"89cf50f02ac6aaed3484","client_secret":"3330d14abc895d9a74d5f17cd7a00711fa2c5bf0","code":"6e47e8bf79214c1d0d89","redirect_uri":"http://localhost:9005","state":"1004827451"}
[debug] [2021-08-31T12:02:16.855Z] <<< HTTP RESPONSE 200 {"server":"GitHub.com","date":"Tue, 31 Aug 2021 12:02:40 GMT","content-type":"application/json; charset=utf-8","transfer-encoding":"chunked","vary":"X-PJAX, X-PJAX-Container, Accept-Encoding, Accept, X-Requested-With","permissions-policy":"interest-cohort=()","etag":"W/\"b376eccdbcc8852ada9d08b196b292e7\"","cache-control":"max-age=0, private, must-revalidate","strict-transport-security":"max-age=31536000; includeSubdomains; preload","x-frame-options":"deny","x-content-type-options":"nosniff","x-xss-protection":"0","referrer-policy":"origin-when-cross-origin, strict-origin-when-cross-origin","expect-ct":"max-age=2592000, report-uri=\"https://api.github.com/_private/browser/errors\"","content-security-policy":"default-src 'none'; base-uri 'self'; block-all-mixed-content; connect-src 'self' uploads.github.com www.githubstatus.com collector.githubapp.com api.github.com github-cloud.s3.amazonaws.com github-production-repository-file-5c1aeb.s3.amazonaws.com github-production-upload-manifest-file-7fdce7.s3.amazonaws.com github-production-user-asset-6210df.s3.amazonaws.com cdn.optimizely.com logx.optimizely.com/v1/events translator.github.com wss://alive.github.com; font-src github.githubassets.com; form-action 'self' github.com gist.github.com; frame-ancestors 'none'; frame-src render.githubusercontent.com viewscreen.githubusercontent.com; img-src 'self' data: github.githubassets.com identicons.github.com collector.githubapp.com github-cloud.s3.amazonaws.com secured-user-images.githubusercontent.com/ *.githubusercontent.com; manifest-src 'self'; media-src 'none'; script-src github.githubassets.com; style-src 'unsafe-inline' github.githubassets.com; worker-src github.com/socket-worker-b05e50fc.js gist.github.com/socket-worker-b05e50fc.js","x-github-request-id":"23D8:34DE:BAC257:DCCD8C:612E1A60"}
[debug] [2021-08-31T12:02:16.858Z] >>> [apiv2][query] GET https://api.github.com/user [none]
[debug] [2021-08-31T12:02:17.276Z] <<< [apiv2][status] GET https://api.github.com/user 200
[debug] [2021-08-31T12:02:17.276Z] <<< [apiv2][body] GET https://api.github.com/user {"login":"HankCodeLife","id":25320553,"node_id":"MDQ6VXNlcjI1MzIwNTUz","avatar_url":"https://avatars.githubusercontent.com/u/25320553?v=4","gravatar_id":"","url":"https://api.github.com/users/HankCodeLife","html_url":"https://github.com/HankCodeLife","followers_url":"https://api.github.com/users/HankCodeLife/followers","following_url":"https://api.github.com/users/HankCodeLife/following{/other_user}","gists_url":"https://api.github.com/users/HankCodeLife/gists{/gist_id}","starred_url":"https://api.github.com/users/HankCodeLife/starred{/owner}{/repo}","subscriptions_url":"https://api.github.com/users/HankCodeLife/subscriptions","organizations_url":"https://api.github.com/users/HankCodeLife/orgs","repos_url":"https://api.github.com/users/HankCodeLife/repos","events_url":"https://api.github.com/users/HankCodeLife/events{/privacy}","received_events_url":"https://api.github.com/users/HankCodeLife/received_events","type":"User","site_admin":false,"name":null,"company":null,"blog":"https://blog.getmoney.tw/","location":null,"email":"bsexp100324@gmail.com","hireable":null,"bio":null,"twitter_username":null,"public_repos":3,"public_gists":0,"followers":0,"following":0,"created_at":"2017-01-24T10:39:06Z","updated_at":"2021-08-31T12:02:35Z","private_gists":0,"total_private_repos":0,"owned_private_repos":0,"disk_usage":1218,"collaborators":0,"two_factor_authentication":false,"plan":{"name":"free","space":976562499,"collaborators":0,"private_repos":10000}}
[info] 
[info] +  Success! Logged into GitHub as HankCodeLife 
[info] 
[debug] [2021-08-31T12:02:27.020Z] >>> [apiv2][query] GET https://api.github.com/repos//actions/secrets/public-key type=owner
[debug] [2021-08-31T12:02:27.352Z] <<< [apiv2][status] GET https://api.github.com/repos//actions/secrets/public-key 404
[debug] [2021-08-31T12:02:27.352Z] <<< [apiv2][body] GET https://api.github.com/repos//actions/secrets/public-key {"message":"Not Found","documentation_url":"https://docs.github.com/rest"}
[debug] [2021-08-31T12:03:25.493Z] >>> [apiv2][query] GET https://api.github.com/repos/sss/actions/secrets/public-key type=owner
[debug] [2021-08-31T12:03:25.823Z] <<< [apiv2][status] GET https://api.github.com/repos/sss/actions/secrets/public-key 404
[debug] [2021-08-31T12:03:25.823Z] <<< [apiv2][body] GET https://api.github.com/repos/sss/actions/secrets/public-key {"message":"Not Found","documentation_url":"https://docs.github.com/rest"}
[debug] [2021-08-31T12:03:31.028Z] >>> [apiv2][query] GET https://api.github.com/repos/airflow_practice/actions/secrets/public-key type=owner
[debug] [2021-08-31T12:03:31.360Z] <<< [apiv2][status] GET https://api.github.com/repos/airflow_practice/actions/secrets/public-key 404
[debug] [2021-08-31T12:03:31.360Z] <<< [apiv2][body] GET https://api.github.com/repos/airflow_practice/actions/secrets/public-key {"message":"Not Found","documentation_url":"https://docs.github.com/rest"}
